<?xml version="1.0" encoding="UTF-8"?>
<!-- Generated by org.testng.reporters.JUnitXMLReporter -->
<testsuite hostname="PisePC" name="Default test" tests="4" failures="0" timestamp="15 Aug 2020 20:15:54 GMT" time="0.031" errors="0">
  <testcase name="firstmethod" time="0.015" classname="Project_Zen.Project_Zen.TestAnnotation"/>
  <testcase name="third" time="0.0" classname="Project_Zen.Project_Zen.TestAnnotation"/>
  <testcase name="secondmethod" time="0.0" classname="Project_Zen.Project_Zen.TestAnnotation"/>
  <testcase name="forth" time="0.0" classname="Project_Zen.Project_Zen.TestAnnotation"/>
</testsuite> <!-- Default test -->
