<?xml version="1.0" encoding="UTF-8"?>
<!-- Generated by org.testng.reporters.JUnitXMLReporter -->
<testsuite hostname="PisePC" ignored="0" name="FirstTestScripts" tests="8" failures="0" timestamp="18 Aug 2020 20:24:55 GMT" time="35.36" errors="0">
  <testcase name="login" time="7.744" classname="Project_Zen.Project_Zen.TestNGScript1"/>
  <testcase name="firstmethod" time="0.001" classname="Project_Zen.Project_Zen.TestAnnotation"/>
  <testcase name="itenryCustomer" time="5.065" classname="Project_Zen.Project_Zen.TestNGScript1"/>
  <testcase name="third" time="0.0" classname="Project_Zen.Project_Zen.TestAnnotation"/>
  <testcase name="secondmethod" time="0.0" classname="Project_Zen.Project_Zen.TestAnnotation"/>
  <testcase name="forth" time="0.0" classname="Project_Zen.Project_Zen.TestAnnotation"/>
  <testcase name="fifth" time="0.0" classname="Project_Zen.Project_Zen.TestAnnotation"/>
  <testcase name="sixth" time="0.0" classname="Project_Zen.Project_Zen.TestAnnotation"/>
</testsuite> <!-- FirstTestScripts -->
