<?xml version="1.0" encoding="UTF-8"?>
<!-- Generated by org.testng.reporters.JUnitXMLReporter -->
<testsuite hostname="PisePC" name="FirstTestScripts" tests="6" failures="0" timestamp="15 Aug 2020 20:38:03 GMT" time="25.05" errors="0">
  <testcase name="login" time="2.695" classname="Project_Zen.Project_Zen.TestNGScript1"/>
  <testcase name="firstmethod" time="0.0" classname="Project_Zen.Project_Zen.TestAnnotation"/>
  <testcase name="itenryCustomer" time="2.297" classname="Project_Zen.Project_Zen.TestNGScript1"/>
  <testcase name="third" time="0.001" classname="Project_Zen.Project_Zen.TestAnnotation"/>
  <testcase name="secondmethod" time="0.0" classname="Project_Zen.Project_Zen.TestAnnotation"/>
  <testcase name="forth" time="0.001" classname="Project_Zen.Project_Zen.TestAnnotation"/>
</testsuite> <!-- FirstTestScripts -->
