<?xml version="1.0" encoding="UTF-8"?>
<testsuite xmlns:xsi="http://www.w3.org/2001/XMLSchema-instance" xsi:noNamespaceSchemaLocation="https://maven.apache.org/surefire/maven-surefire-plugin/xsd/surefire-test-report-3.0.xsd" version="3.0" name="TestSuite" time="24.843" tests="7" errors="0" skipped="0" failures="0">
  <properties>
[...]
</properties>
  <testcase name="login" classname="Project_Zen.Project_Zen.TestNGScript1" time="2.685">
    <system-out><![CDATA[[TestNGContentHandler] [WARN] It is strongly recommended to add "<!DOCTYPE suite SYSTEM "http://testng.org/testng-1.0.dtd" >" at the top of your file, otherwise TestNG may fail or not work as expected.
]]></system-out>
    <system-err><![CDATA[Starting ChromeDriver 83.0.4103.39 (ccbf011cb2d2b19b506d844400483861342c20cd-refs/branch-heads/4103@{#416}) on port 29469
Only local connections are allowed.
Please see https://chromedriver.chromium.org/security-considerations for suggestions on keeping ChromeDriver safe.
ChromeDriver was started successfully.
[1597605847.127][WARNING]: This version of ChromeDriver has not been tested with Chrome version 84.
Aug 16, 2020 3:24:09 PM org.openqa.selenium.remote.ProtocolHandshake createSession
INFO: Detected dialect: W3C
]]></system-err>
  </testcase>
  <testcase name="itenryCustomer" classname="Project_Zen.Project_Zen.TestNGScript1" time="2.296"/>
  <testcase name="firstmethod" classname="Project_Zen.Project_Zen.TestAnnotation" time="0">
    <system-out><![CDATA[First Method Executed
]]></system-out>
  </testcase>
  <testcase name="third" classname="Project_Zen.Project_Zen.TestAnnotation" time="0">
    <system-out><![CDATA[Thrid  Method Executed
]]></system-out>
  </testcase>
  <testcase name="secondmethod" classname="Project_Zen.Project_Zen.TestAnnotation" time="0">
    <system-out><![CDATA[Second  Method Executed
]]></system-out>
  </testcase>
  <testcase name="forth" classname="Project_Zen.Project_Zen.TestAnnotation" time="0">
    <system-out><![CDATA[Florth  Method Executed
]]></system-out>
  </testcase>
  <testcase name="fifth" classname="Project_Zen.Project_Zen.TestAnnotation" time="0">
    <system-out><![CDATA[Fifth  Method Executed
]]></system-out>
  </testcase>
</testsuite>