<?xml version="1.0" encoding="UTF-8"?>
<testng-results skipped="0" failed="0" ignored="0" total="7" passed="7">
  <reporter-output>
  </reporter-output>
  <suite name="FirstTestingSuit" duration-ms="23859" started-at="2020-08-16T19:24:05Z" finished-at="2020-08-16T19:24:29Z">
    <groups>
    </groups>
    <test name="FirstTestScripts" duration-ms="23859" started-at="2020-08-16T19:24:05Z" finished-at="2020-08-16T19:24:29Z">
      <class name="Project_Zen.Project_Zen.TestNGScript1">
        <test-method status="PASS" signature="configuration()[pri:0, instance:Project_Zen.Project_Zen.TestNGScript1@44a664f2]" name="configuration" is-config="true" duration-ms="8778" started-at="2020-08-16T19:24:05Z" finished-at="2020-08-16T19:24:14Z">
          <reporter-output>
          </reporter-output>
        </test-method> <!-- configuration -->
        <test-method status="PASS" signature="timeout()[pri:0, instance:Project_Zen.Project_Zen.TestNGScript1@44a664f2]" name="timeout" is-config="true" duration-ms="5011" started-at="2020-08-16T19:24:14Z" finished-at="2020-08-16T19:24:19Z">
          <reporter-output>
          </reporter-output>
        </test-method> <!-- timeout -->
        <test-method status="PASS" signature="login()[pri:49, instance:Project_Zen.Project_Zen.TestNGScript1@44a664f2]" name="login" duration-ms="2684" started-at="2020-08-16T19:24:19Z" finished-at="2020-08-16T19:24:22Z">
          <reporter-output>
          </reporter-output>
        </test-method> <!-- login -->
        <test-method status="PASS" signature="timeout()[pri:0, instance:Project_Zen.Project_Zen.TestNGScript1@44a664f2]" name="timeout" is-config="true" duration-ms="5005" started-at="2020-08-16T19:24:22Z" finished-at="2020-08-16T19:24:27Z">
          <reporter-output>
          </reporter-output>
        </test-method> <!-- timeout -->
        <test-method status="PASS" signature="itenryCustomer()[pri:50, instance:Project_Zen.Project_Zen.TestNGScript1@44a664f2]" name="itenryCustomer" duration-ms="2295" started-at="2020-08-16T19:24:27Z" finished-at="2020-08-16T19:24:29Z">
          <reporter-output>
          </reporter-output>
        </test-method> <!-- itenryCustomer -->
        <test-method status="PASS" signature="closeBrowser()[pri:0, instance:Project_Zen.Project_Zen.TestNGScript1@44a664f2]" name="closeBrowser" is-config="true" duration-ms="57" started-at="2020-08-16T19:24:29Z" finished-at="2020-08-16T19:24:29Z">
          <reporter-output>
          </reporter-output>
        </test-method> <!-- closeBrowser -->
      </class> <!-- Project_Zen.Project_Zen.TestNGScript1 -->
      <class name="Project_Zen.Project_Zen.TestAnnotation">
        <test-method status="PASS" signature="firstmethod()[pri:49, instance:Project_Zen.Project_Zen.TestAnnotation@7f9fcf7f]" name="firstmethod" duration-ms="0" started-at="2020-08-16T19:24:22Z" finished-at="2020-08-16T19:24:22Z">
          <reporter-output>
          </reporter-output>
        </test-method> <!-- firstmethod -->
        <test-method status="PASS" signature="secondmethod()[pri:51, instance:Project_Zen.Project_Zen.TestAnnotation@7f9fcf7f]" name="secondmethod" duration-ms="0" started-at="2020-08-16T19:24:29Z" finished-at="2020-08-16T19:24:29Z">
          <reporter-output>
          </reporter-output>
        </test-method> <!-- secondmethod -->
        <test-method status="PASS" signature="forth()[pri:52, instance:Project_Zen.Project_Zen.TestAnnotation@7f9fcf7f]" name="forth" duration-ms="0" started-at="2020-08-16T19:24:29Z" finished-at="2020-08-16T19:24:29Z">
          <reporter-output>
          </reporter-output>
        </test-method> <!-- forth -->
        <test-method status="PASS" signature="third()[pri:50, instance:Project_Zen.Project_Zen.TestAnnotation@7f9fcf7f]" name="third" duration-ms="0" started-at="2020-08-16T19:24:29Z" finished-at="2020-08-16T19:24:29Z">
          <reporter-output>
          </reporter-output>
        </test-method> <!-- third -->
        <test-method status="PASS" signature="fifth()[pri:53, instance:Project_Zen.Project_Zen.TestAnnotation@7f9fcf7f]" name="fifth" duration-ms="0" started-at="2020-08-16T19:24:29Z" finished-at="2020-08-16T19:24:29Z">
          <reporter-output>
          </reporter-output>
        </test-method> <!-- fifth -->
      </class> <!-- Project_Zen.Project_Zen.TestAnnotation -->
    </test> <!-- FirstTestScripts -->
  </suite> <!-- FirstTestingSuit -->
</testng-results>
